<?xml version="1.0" encoding="UTF-8" ?>
<testsuite errors="0" failures="0" hostname="pc_hunter" name="funciones_20211128_212928.ProductoDAOTest" skipped="0" tests="3" time="0.564" timestamp="2021-11-29T02:54:03">
  <properties>
    <property name="libs.spring-framework300.classpath" value="C:\Program Files\NetBeans-11.3\netbeans\platform\modules\org-apache-commons-logging.jar;C:\Program Files\NetBeans-11.3\netbeans\java\modules\ext\cglib-2.2.jar;C:\Program Files\NetBeans-11.3\netbeans\java\modules\ext\spring-3.0\spring-aop-3.2.7.RELEASE.jar;C:\Program Files\NetBeans-11.3\netbeans\java\modules\ext\spring-3.0\spring-aspects-3.2.7.RELEASE.jar;C:\Program Files\NetBeans-11.3\netbeans\java\modules\ext\spring-3.0\spring-beans-3.2.7.RELEASE.jar;C:\Program Files\NetBeans-11.3\netbeans\java\modules\ext\spring-3.0\spring-build-src-3.2.7.RELEASE.jar;C:\Program Files\NetBeans-11.3\netbeans\java\modules\ext\spring-3.0\spring-context-3.2.7.RELEASE.jar;C:\Program Files\NetBeans-11.3\netbeans\java\modules\ext\spring-3.0\spring-context-support-3.2.7.RELEASE.jar;C:\Program Files\NetBeans-11.3\netbeans\java\modules\ext\spring-3.0\spring-core-3.2.7.RELEASE.jar;C:\Program Files\NetBeans-11.3\netbeans\java\modules\ext\spring-3.0\spring-expression-3.2.7.RELEASE.jar;C:\Program Files\NetBeans-11.3\netbeans\java\modules\ext\spring-3.0\spring-framework-bom-3.2.7.RELEASE.jar;C:\Program Files\NetBeans-11.3\netbeans\java\modules\ext\spring-3.0\spring-instrument-3.2.7.RELEASE.jar;C:\Program Files\NetBeans-11.3\netbeans\java\modules\ext\spring-3.0\spring-instrument-tomcat-3.2.7.RELEASE.jar;C:\Program Files\NetBeans-11.3\netbeans\java\modules\ext\spring-3.0\spring-jdbc-3.2.7.RELEASE.jar;C:\Program Files\NetBeans-11.3\netbeans\java\modules\ext\spring-3.0\spring-jms-3.2.7.RELEASE.jar;C:\Program Files\NetBeans-11.3\netbeans\java\modules\ext\spring-3.0\spring-orm-3.2.7.RELEASE.jar;C:\Program Files\NetBeans-11.3\netbeans\java\modules\ext\spring-3.0\spring-oxm-3.2.7.RELEASE.jar;C:\Program Files\NetBeans-11.3\netbeans\java\modules\ext\spring-3.0\spring-struts-3.2.7.RELEASE.jar;C:\Program Files\NetBeans-11.3\netbeans\java\modules\ext\spring-3.0\spring-test-3.2.7.RELEASE.jar;C:\Program Files\NetBeans-11.3\netbeans\java\modules\ext\spring-3.0\spring-tx-3.2.7.RELEASE.jar;C:\Program Files\NetBeans-11.3\netbeans\java\modules\ext\spring-3.0\spring-web-3.2.7.RELEASE.jar;C:\Program Files\NetBeans-11.3\netbeans\java\modules\ext\spring-3.0\spring-webmvc-3.2.7.RELEASE.jar;C:\Program Files\NetBeans-11.3\netbeans\java\modules\ext\spring-3.0\spring-webmvc-portlet-3.2.7.RELEASE.jar" />
    <property name="javac.test.classpath" value="C:\Program Files (x86)\MySQL\Connector J 8.0\mysql-connector-java-8.0.27.jar:C:\Program Files\NetBeans-11.3\netbeans\platform\modules\ext\junit-4.12.jar:build/web/WEB-INF/classes:C:\Program Files\NetBeans-11.3\netbeans\platform\modules\ext\hamcrest-core-1.3.jar" />
    <property name="java.specification.version" value="17" />
    <property name="libs.spring-framework500.classpath" value="C:\Program Files\NetBeans-11.3\netbeans\platform\modules\org-apache-commons-logging.jar;C:\Program Files\NetBeans-11.3\netbeans\java\modules\ext\cglib-2.2.jar;C:\Program Files\NetBeans-11.3\netbeans\java\modules\ext\spring-5\spring-aop-5.2.2.RELEASE.jar;C:\Program Files\NetBeans-11.3\netbeans\java\modules\ext\spring-5\spring-aspects-5.2.2.RELEASE.jar;C:\Program Files\NetBeans-11.3\netbeans\java\modules\ext\spring-5\spring-beans-5.2.2.RELEASE.jar;C:\Program Files\NetBeans-11.3\netbeans\java\modules\ext\spring-5\spring-context-5.2.2.RELEASE.jar;C:\Program Files\NetBeans-11.3\netbeans\java\modules\ext\spring-5\spring-context-indexer-5.2.2.RELEASE.jar;C:\Program Files\NetBeans-11.3\netbeans\java\modules\ext\spring-5\spring-context-support-5.2.2.RELEASE.jar;C:\Program Files\NetBeans-11.3\netbeans\java\modules\ext\spring-5\spring-core-5.2.2.RELEASE.jar;C:\Program Files\NetBeans-11.3\netbeans\java\modules\ext\spring-5\spring-expression-5.2.2.RELEASE.jar;C:\Program Files\NetBeans-11.3\netbeans\java\modules\ext\spring-5\spring-instrument-5.2.2.RELEASE.jar;C:\Program Files\NetBeans-11.3\netbeans\java\modules\ext\spring-5\spring-jcl-5.2.2.RELEASE.jar;C:\Program Files\NetBeans-11.3\netbeans\java\modules\ext\spring-5\spring-jdbc-5.2.2.RELEASE.jar;C:\Program Files\NetBeans-11.3\netbeans\java\modules\ext\spring-5\spring-jms-5.2.2.RELEASE.jar;C:\Program Files\NetBeans-11.3\netbeans\java\modules\ext\spring-5\spring-messaging-5.2.2.RELEASE.jar;C:\Program Files\NetBeans-11.3\netbeans\java\modules\ext\spring-5\spring-orm-5.2.2.RELEASE.jar;C:\Program Files\NetBeans-11.3\netbeans\java\modules\ext\spring-5\spring-oxm-5.2.2.RELEASE.jar;C:\Program Files\NetBeans-11.3\netbeans\java\modules\ext\spring-5\spring-test-5.2.2.RELEASE.jar;C:\Program Files\NetBeans-11.3\netbeans\java\modules\ext\spring-5\spring-tx-5.2.2.RELEASE.jar;C:\Program Files\NetBeans-11.3\netbeans\java\modules\ext\spring-5\spring-web-5.2.2.RELEASE.jar;C:\Program Files\NetBeans-11.3\netbeans\java\modules\ext\spring-5\spring-webflux-5.2.2.RELEASE.jar;C:\Program Files\NetBeans-11.3\netbeans\java\modules\ext\spring-5\spring-webmvc-5.2.2.RELEASE.jar;C:\Program Files\NetBeans-11.3\netbeans\java\modules\ext\spring-5\spring-websocket-5.2.2.RELEASE.jar" />
    <property name="j2ee.server.home" value="C:/glassfish5/glassfish" />
    <property name="libs.spring-framework400.classpath" value="C:\Program Files\NetBeans-11.3\netbeans\platform\modules\org-apache-commons-logging.jar;C:\Program Files\NetBeans-11.3\netbeans\java\modules\ext\cglib-2.2.jar;C:\Program Files\NetBeans-11.3\netbeans\java\modules\ext\spring-4\spring-aop-4.3.25.RELEASE.jar;C:\Program Files\NetBeans-11.3\netbeans\java\modules\ext\spring-4\spring-aspects-4.3.25.RELEASE.jar;C:\Program Files\NetBeans-11.3\netbeans\java\modules\ext\spring-4\spring-beans-4.3.25.RELEASE.jar;C:\Program Files\NetBeans-11.3\netbeans\java\modules\ext\spring-4\spring-context-4.3.25.RELEASE.jar;C:\Program Files\NetBeans-11.3\netbeans\java\modules\ext\spring-4\spring-context-support-4.3.25.RELEASE.jar;C:\Program Files\NetBeans-11.3\netbeans\java\modules\ext\spring-4\spring-core-4.3.25.RELEASE.jar;C:\Program Files\NetBeans-11.3\netbeans\java\modules\ext\spring-4\spring-expression-4.3.25.RELEASE.jar;C:\Program Files\NetBeans-11.3\netbeans\java\modules\ext\spring-4\spring-instrument-4.3.25.RELEASE.jar;C:\Program Files\NetBeans-11.3\netbeans\java\modules\ext\spring-4\spring-instrument-tomcat-4.3.25.RELEASE.jar;C:\Program Files\NetBeans-11.3\netbeans\java\modules\ext\spring-4\spring-jdbc-4.3.25.RELEASE.jar;C:\Program Files\NetBeans-11.3\netbeans\java\modules\ext\spring-4\spring-jms-4.3.25.RELEASE.jar;C:\Program Files\NetBeans-11.3\netbeans\java\modules\ext\spring-4\spring-messaging-4.3.25.RELEASE.jar;C:\Program Files\NetBeans-11.3\netbeans\java\modules\ext\spring-4\spring-orm-4.3.25.RELEASE.jar;C:\Program Files\NetBeans-11.3\netbeans\java\modules\ext\spring-4\spring-oxm-4.3.25.RELEASE.jar;C:\Program Files\NetBeans-11.3\netbeans\java\modules\ext\spring-4\spring-test-4.3.25.RELEASE.jar;C:\Program Files\NetBeans-11.3\netbeans\java\modules\ext\spring-4\spring-tx-4.3.25.RELEASE.jar;C:\Program Files\NetBeans-11.3\netbeans\java\modules\ext\spring-4\spring-web-4.3.25.RELEASE.jar;C:\Program Files\NetBeans-11.3\netbeans\java\modules\ext\spring-4\spring-webmvc-4.3.25.RELEASE.jar;C:\Program Files\NetBeans-11.3\netbeans\java\modules\ext\spring-4\spring-webmvc-portlet-4.3.25.RELEASE.jar;C:\Program Files\NetBeans-11.3\netbeans\java\modules\ext\spring-4\spring-websocket-4.3.25.RELEASE.jar" />
    <property name="libs.spring-webmvc4.0.javadoc" value="" />
    <property name="test.binaryincludes" value="&lt;nothing&gt;" />
    <property name="jspc.dtds" value="/resources/dtds/" />
    <property name="debug-transport" value="dt_shmem" />
    <property name="j2ee.platform.classpath" value="C:/glassfish5/glassfish/modules/endorsed/grizzly-npn-bootstrap.jar:C:/glassfish5/glassfish/modules/endorsed/javax.annotation-api.jar:C:/glassfish5/glassfish/modules/endorsed/jaxb-api.jar:C:/glassfish5/glassfish/modules/endorsed/webservices-api-osgi.jar:C:/glassfish5/glassfish/modules/bean-validator.jar:C:/glassfish5/glassfish/modules/cdi-api.jar:C:/glassfish5/glassfish/modules/javax.batch-api.jar:C:/glassfish5/glassfish/modules/javax.ejb-api.jar:C:/glassfish5/glassfish/modules/javax.el.jar:C:/glassfish5/glassfish/modules/javax.enterprise.concurrent-api.jar:C:/glassfish5/glassfish/modules/javax.enterprise.concurrent.jar:C:/glassfish5/glassfish/modules/javax.enterprise.deploy-api.jar:C:/glassfish5/glassfish/modules/javax.faces.jar:C:/glassfish5/glassfish/modules/javax.inject.jar:C:/glassfish5/glassfish/modules/javax.interceptor-api.jar:C:/glassfish5/glassfish/modules/javax.jms-api.jar:C:/glassfish5/glassfish/modules/javax.json.bind-api.jar:C:/glassfish5/glassfish/modules/javax.json.jar:C:/glassfish5/glassfish/modules/javax.mail.jar:C:/glassfish5/glassfish/modules/javax.management.j2ee-api.jar:C:/glassfish5/glassfish/modules/javax.persistence.jar:C:/glassfish5/glassfish/modules/javax.resource-api.jar:C:/glassfish5/glassfish/modules/javax.security.auth.message-api.jar:C:/glassfish5/glassfish/modules/javax.security.enterprise-api.jar:C:/glassfish5/glassfish/modules/javax.security.enterprise.jar:C:/glassfish5/glassfish/modules/javax.security.jacc-api.jar:C:/glassfish5/glassfish/modules/javax.servlet-api.jar:C:/glassfish5/glassfish/modules/javax.servlet.jsp-api.jar:C:/glassfish5/glassfish/modules/javax.servlet.jsp.jar:C:/glassfish5/glassfish/modules/javax.servlet.jsp.jstl-api.jar:C:/glassfish5/glassfish/modules/javax.servlet.jsp.jstl.jar:C:/glassfish5/glassfish/modules/javax.transaction-api.jar:C:/glassfish5/glassfish/modules/javax.websocket-api.jar:C:/glassfish5/glassfish/modules/javax.ws.rs-api.jar:C:/glassfish5/glassfish/modules/javax.xml.registry-api.jar:C:/glassfish5/glassfish/modules/javax.xml.rpc-api.jar:C:/glassfish5/glassfish/modules/jaxb-osgi.jar:C:/glassfish5/glassfish/modules/webservices-osgi.jar:C:/glassfish5/glassfish/modules/weld-osgi-bundle.jar:C:/glassfish5/mq/lib/jaxm-api.jar" />
    <property name="libs.javaee-web-api-8.0.src" value="" />
    <property name="java.vendor.url" value="https://java.oracle.com/" />
    <property name="libs.jsp-compilation.src" value="" />
    <property name="libs.eclipselink.javadoc" value="C:\Program Files\NetBeans-11.3\netbeans\java\modules\ext\docs\javax.persistence-2.1.0-doc.zip" />
    <property name="do.war.package.with.custom.manifest" value="true" />
    <property name="libs.JWSAntTasks.javadoc" value="" />
    <property name="sun.boot.library.path" value="C:\Program Files\Java\jdk-17.0.1\bin" />
    <property name="sun.java.command" value="org.apache.tools.ant.taskdefs.optional.junit.JUnitTestRunner funciones_20211128_212928.ProductoDAOTest skipNonTests=false filtertrace=true haltOnError=false haltOnFailure=false showoutput=true outputtoformatters=true logfailedtests=true threadid=0 logtestlistenerevents=true formatter=org.apache.tools.ant.taskdefs.optional.junit.BriefJUnitResultFormatter formatter=org.apache.tools.ant.taskdefs.optional.junit.XMLJUnitResultFormatter,C:\Users\Jeffield\Desktop\VyV\SoftwareVentas\build\test\results\TEST-funciones_20211128_212928.ProductoDAOTest.xml crashfile=C:\Users\Jeffield\Desktop\VyV\SoftwareVentas\build\junitvmwatcher9732429155718315256.properties propsfile=C:\Users\Jeffield\Desktop\VyV\SoftwareVentas\build\junit14308689917235185573.properties" />
    <property name="jdk.debug" value="release" />
    <property name="j2ee.platform.embeddableejb.classpath" value="C:/glassfish5/glassfish/lib/embedded/glassfish-embedded-static-shell.jar" />
    <property name="libs.spring-framework300.src" value="" />
    <property name="javadoc.use" value="true" />
    <property name="libs.javac-api.maven-pom" value="" />
    <property name="javadoc.notree" value="false" />
    <property name="basedir" value="C:\Users\Jeffield\Desktop\VyV\SoftwareVentas" />
    <property name="j2ee.platform.wsgen.classpath" value="C:/glassfish5/glassfish/modules/webservices-osgi.jar:C:/glassfish5/glassfish/modules/endorsed/webservices-api-osgi.jar:C:/glassfish5/glassfish/modules/jaxb-osgi.jar:C:/glassfish5/glassfish/modules/endorsed/jaxb-api.jar" />
    <property name="forceRedeploy" value="false" />
    <property name="java.vm.specification.vendor" value="Oracle Corporation" />
    <property name="java.specification.name" value="Java Platform API Specification" />
    <property name="libs.javac-api.javadoc" value="" />
    <property name="libs.jsf20.classpath" value="C:\Program Files\NetBeans-11.3\netbeans\enterprise\modules\ext\jsf-2_2\javax.faces.jar" />
    <property name="j2ee.copy.static.files.on.save" value="true" />
    <property name="netbeans.extbrowser.manual_chrome_plugin_install" value="yes" />
    <property name="libs.spring-framework500.javadoc" value="" />
    <property name="netbeans.default_userdir_root" value="C:\Users\Jeffield\AppData\Roaming\NetBeans" />
    <property name="libs.jsp-compilation-syscp.src" value="" />
    <property name="application.args.param" value="" />
    <property name="jdk.home" value="C:\Program Files\Java\jdk-17.0.1" />
    <property name="j2ee.platform.wsit.classpath" value="" />
    <property name="java.runtime.version" value="17.0.1+12-LTS-39" />
    <property name="libs.eclipselink.maven-pom" value="" />
    <property name="libs.metro.maven-pom" value="" />
    <property name="libs.JAXB-ENDORSED.javadoc" value="" />
    <property name="sun.java2d.noddraw" value="true" />
    <property name="sun.zip.disableMemoryMapping" value="true" />
    <property name="libs.MySQLDriver.maven-pom" value="" />
    <property name="libs.maven-dependencies.maven-pom" value="" />
    <property name="jnidispatch.path" value="C:\Users\Jeffield\AppData\Local\Temp\jna--1714861713\jna5029072928857926629.dll" />
    <property name="libs.jsf12.src" value="" />
    <property name="libs.primefaces.javadoc" value="" />
    <property name="libs.jsp-compilation.javadoc" value="" />
    <property name="libs.groovy-all.maven-pom" value="" />
    <property name="libs.restapi.src" value="" />
    <property name="libs.junit_5.javadoc" value="C:\Program Files\NetBeans-11.3\netbeans\platform\docs\junit-jupiter-api-5.5.2-javadoc.jar;C:\Program Files\NetBeans-11.3\netbeans\platform\docs\junit-jupiter-params-5.5.2-javadoc.jar;C:\Program Files\NetBeans-11.3\netbeans\platform\docs\junit-jupiter-engine-5.5.2-javadoc.jar" />
    <property name="dist.archive.excludes" value="" />
    <property name="java.io.tmpdir" value="C:\Users\Jeffield\AppData\Local\Temp\" />
    <property name="java.version" value="17.0.1" />
    <property name="dist.ear.war" value="dist/SoftwareVentas.war" />
    <property name="java.vm.specification.name" value="Java Virtual Machine Specification" />
    <property name="lib.dir" value="web/WEB-INF/lib" />
    <property name="native.encoding" value="Cp1252" />
    <property name="java.library.path" value="C:\Program Files\Java\jdk-17.0.1\bin;C:\Windows\Sun\Java\bin;C:\Windows\system32;C:\Windows;C:\Program Files\Common Files\Oracle\Java\javapath;C:\Program Files\Rockwell Software\RSCommon;C:\Users\Jeffield\AppData\Local\Programs\Python\Python39\Scripts\;C:\Users\Jeffield\AppData\Local\Programs\Python\Python39\;C:\Program Files (x86)\Common Files\Oracle\Java\javapath;C:\Program Files (x86)\VMware\VMware Workstation\bin\;C:\Windows\system32;C:\Windows;C:\Windows\System32\Wbem;C:\Windows\System32\WindowsPowerShell\v1.0\;C:\Windows\System32\OpenSSH\;C:\Program Files\Git\cmd;C:\Program Files\nodejs\;C:\ProgramData\chocolatey\bin;C:\Users\Jeffield\AppData\Local\Programs\Python\Python39\Scripts\;C:\Users\Jeffield\AppData\Local\Programs\Python\Python39\;C:\Users\Jeffield\AppData\Local\Microsoft\WindowsApps;C:\Users\Jeffield\AppData\Local\Programs\Microsoft VS Code\bin;C:\Users\Jeffield\AppData\Roaming\npm;C:\Program Files\Java\kotlinc\bin;%JAVA_HOME%\bin;;C:\Program Files\JetBrains\IntelliJ IDEA Community Edition 2021.2.3\bin;;." />
    <property name="libs.hamcrest.src" value="" />
    <property name="java.vendor" value="Oracle Corporation" />
    <property name="libs.groovy-all.src" value="" />
    <property name="libs.testng.javadoc" value="C:\Program Files\NetBeans-11.3\netbeans\platform\docs\testng-6.8.1-javadoc.zip" />
    <property name="libs.testng.maven-pom" value="" />
    <property name="org.openide.version" value="deprecated" />
    <property name="libs.JAVADB_DRIVER_LABEL.src" value="" />
    <property name="libs.jaxb.src" value="" />
    <property name="test.src.dir" value="test" />
    <property name="sun.awt.enableExtraMouseButtons" value="true" />
    <property name="org.openide.major.version" value="IDE/1" />
    <property name="libs.spring-framework300.javadoc" value="" />
    <property name="build.web.excludes" value="**/*.java,**/*.form" />
    <property name="ap.proc.none.internal" value="" />
    <property name="org.openide.specification.version" value="6.2" />
    <property name="user.timezone" value="America/Guayaquil" />
    <property name="libs.jpa20-persistence.classpath" value="C:\Program Files\NetBeans-11.3\netbeans\java\modules\ext\eclipselink\javax.persistence-2.1.0.jar" />
    <property name="java.vm.specification.version" value="17" />
    <property name="libs.eclipselinkmodelgen.javadoc" value="" />
    <property name="libs.junit_5.classpath" value="C:\Program Files\NetBeans-11.3\netbeans\platform\modules\ext\junit-jupiter-api-5.5.2.jar;C:\Program Files\NetBeans-11.3\netbeans\platform\modules\ext\junit-jupiter-params-5.5.2.jar;C:\Program Files\NetBeans-11.3\netbeans\platform\modules\ext\junit-jupiter-engine-5.5.2.jar" />
    <property name="javadoc.noindex" value="false" />
    <property name="libs.MySQL.src" value="" />
    <property name="libs.correojota.classpath" value="C:\Users\Jeffield\Desktop\VyV\bibliotecajava\mail.jar" />
    <property name="javadoc.private" value="false" />
    <property name="libs.spring-webmvc4.0.maven-pom" value="" />
    <property name="libs.JAXB-ENDORSED.maven-pom" value="" />
    <property name="user.home" value="C:\Users\Jeffield" />
    <property name="ant.file.type.SoftwareVentas-impl" value="file" />
    <property name="libs.eclipselinkmodelgen.maven-pom" value="" />
    <property name="have.sources" value="true" />
    <property name="annotation.processing.processors.list" value="" />
    <property name="javac.deprecation" value="false" />
    <property name="libs.JavaServlet.maven-pom" value="" />
    <property name="build.generated.sources.dir" value="build/generated-sources" />
    <property name="plugin.manager.check.updates" value="false" />
    <property name="j2ee.server.domain" value="C:/glassfish5/glassfish/domains/domain1" />
    <property name="netbeans.autoupdate.language" value="en" />
    <property name="libs.eclipselinkmodelgen.src" value="" />
    <property name="build.compiler.emacs" value="true" />
    <property name="build.classes.excludes" value="**/*.java,**/*.form" />
    <property name="libs.spring-webmvc4.0.classpath" value="C:\Program Files\NetBeans-11.3\netbeans\java\modules\ext\spring-4\spring-webmvc-4.3.25.RELEASE.jar" />
    <property name="libs.javaee-endorsed-api-7.0.javadoc" value="C:\Program Files\NetBeans-11.3\netbeans\enterprise\docs\javaee-doc-api.jar" />
    <property name="os.version" value="10.0" />
    <property name="netbeans.home" value="C:\Program Files\NetBeans-11.3\netbeans\platform" />
    <property name="j2ee.server.middleware" value="C:/glassfish5" />
    <property name="libs.CopyLibs.javadoc" value="" />
    <property name="debug-transport-by-os" value="dt_shmem" />
    <property name="libs.jsf20.src" value="" />
    <property name="libs.javaee-api-8.0.javadoc" value="C:\Program Files\NetBeans-11.3\netbeans\enterprise\docs\javaee-doc-api.jar" />
    <property name="java.vm.name" value="Java HotSpot(TM) 64-Bit Server VM" />
    <property name="libs.jstl.javadoc" value="C:\Program Files\NetBeans-11.3\netbeans\enterprise\docs\javaee-doc-api.jar" />
    <property name="libs.javaee-endorsed-api-7.0.maven-pom" value="" />
    <property name="libs.jaxws21.classpath" value="C:\Program Files\NetBeans-11.3\netbeans\ide\modules\ext\jaxb\jaxb-impl.jar;C:\Program Files\NetBeans-11.3\netbeans\ide\modules\ext\jaxb\jaxb-xjc.jar;C:\Program Files\NetBeans-11.3\netbeans\java\modules\ext\jaxws22\FastInfoset.jar;C:\Program Files\NetBeans-11.3\netbeans\java\modules\ext\jaxws22\gmbal-api-only.jar;C:\Program Files\NetBeans-11.3\netbeans\java\modules\ext\jaxws22\ha-api.jar;C:\Program Files\NetBeans-11.3\netbeans\java\modules\ext\jaxws22\javax.mail_1.4.jar;C:\Program Files\NetBeans-11.3\netbeans\java\modules\ext\jaxws22\jaxws-rt.jar;C:\Program Files\NetBeans-11.3\netbeans\java\modules\ext\jaxws22\jaxws-tools.jar;C:\Program Files\NetBeans-11.3\netbeans\java\modules\ext\jaxws22\management-api.jar;C:\Program Files\NetBeans-11.3\netbeans\java\modules\ext\jaxws22\mimepull.jar;C:\Program Files\NetBeans-11.3\netbeans\java\modules\ext\jaxws22\policy.jar;C:\Program Files\NetBeans-11.3\netbeans\java\modules\ext\jaxws22\saaj-impl.jar;C:\Program Files\NetBeans-11.3\netbeans\java\modules\ext\jaxws22\stax-ex.jar;C:\Program Files\NetBeans-11.3\netbeans\java\modules\ext\jaxws22\stax2-api.jar;C:\Program Files\NetBeans-11.3\netbeans\java\modules\ext\jaxws22\streambuffer.jar;C:\Program Files\NetBeans-11.3\netbeans\java\modules\ext\jaxws22\woodstox-core-asl.jar;C:\Program Files\NetBeans-11.3\netbeans\java\modules\ext\jaxws22\api\jaxws-api.jar;C:\Program Files\NetBeans-11.3\netbeans\java\modules\ext\jaxws22\api\jsr181-api.jar;C:\Program Files\NetBeans-11.3\netbeans\java\modules\ext\jaxws22\api\javax.annotation.jar;C:\Program Files\NetBeans-11.3\netbeans\java\modules\ext\jaxws22\api\saaj-api.jar;C:\Program Files\NetBeans-11.3\netbeans\ide\modules\ext\jaxb\activation.jar;C:\Program Files\NetBeans-11.3\netbeans\ide\modules\ext\jaxb\api\jaxb-api.jar" />
    <property name="libs.restapi.classpath" value="C:\Program Files\NetBeans-11.3\netbeans\enterprise\modules\ext\jaxrs-2.0\javax.ws.rs-api-2.0.jar" />
    <property name="os.arch" value="amd64" />
    <property name="build.generated.dir" value="build/generated" />
    <property name="libs.groovy-all.javadoc" value="" />
    <property name="ant.file.SoftwareVentas-impl" value="C:\Users\Jeffield\Desktop\VyV\SoftwareVentas\nbproject\build-impl.xml" />
    <property name="libs.javaee-web-api-7.0.javadoc" value="C:\Program Files\NetBeans-11.3\netbeans\enterprise\docs\javaee-doc-api.jar" />
    <property name="libs.javaee-endorsed-api-6.0.src" value="" />
    <property name="libs.jsf12.maven-pom" value="" />
    <property name="libs.javaee-endorsed-api-7.0.classpath" value="C:\Program Files\NetBeans-11.3\netbeans\enterprise\modules\ext\javaee7-endorsed\javax.annotation-api.jar;C:\Program Files\NetBeans-11.3\netbeans\enterprise\modules\ext\javaee7-endorsed\javax.xml.soap-api.jar;C:\Program Files\NetBeans-11.3\netbeans\enterprise\modules\ext\javaee7-endorsed\jaxb-api-osgi.jar;C:\Program Files\NetBeans-11.3\netbeans\enterprise\modules\ext\javaee7-endorsed\jaxws-api.jar;C:\Program Files\NetBeans-11.3\netbeans\enterprise\modules\ext\javaee7-endorsed\jsr181-api.jar" />
    <property name="libs.primefaces.maven-pom" value="" />
    <property name="org.netbeans.io.suspend" value="0" />
    <property name="directory.deployment.supported" value="true" />
    <property name="ant.project.name" value="SoftwareVentas" />
    <property name="dist.javadoc.dir" value="dist/javadoc" />
    <property name="default.javac.target" value="17" />
    <property name="javac.fork" value="false" />
    <property name="libs.eclipselink.classpath" value="C:\Program Files\NetBeans-11.3\netbeans\java\modules\ext\eclipselink\org.eclipse.persistence.core-2.5.2.jar;C:\Program Files\NetBeans-11.3\netbeans\java\modules\ext\eclipselink\org.eclipse.persistence.asm-2.5.2.jar;C:\Program Files\NetBeans-11.3\netbeans\java\modules\ext\eclipselink\org.eclipse.persistence.antlr-2.5.2.jar;C:\Program Files\NetBeans-11.3\netbeans\java\modules\ext\eclipselink\org.eclipse.persistence.jpa-2.5.2.jar;C:\Program Files\NetBeans-11.3\netbeans\java\modules\ext\eclipselink\org.eclipse.persistence.jpa.jpql-2.5.2.jar;C:\Program Files\NetBeans-11.3\netbeans\java\modules\ext\eclipselink\javax.persistence-2.1.0.jar" />
    <property name="libs.Comet-GlassFish-v3.classpath" value="" />
    <property name="selected.browser" value="Chrome" />
    <property name="libs.javac-api.classpath" value="" />
    <property name="libs.Comet-GlassFish-v3.javadoc" value="" />
    <property name="libs.EclipseLink-GlassFish-v3.src" value="" />
    <property name="libs.struts.classpath" value="C:\Program Files\NetBeans-11.3\netbeans\enterprise\modules\ext\struts\antlr-2.7.2.jar;C:\Program Files\NetBeans-11.3\netbeans\enterprise\modules\ext\struts\bsf-2.3.0.jar;C:\Program Files\NetBeans-11.3\netbeans\enterprise\modules\ext\struts\commons-beanutils-1.8.0.jar;C:\Program Files\NetBeans-11.3\netbeans\enterprise\modules\ext\struts\commons-chain-1.2.jar;C:\Program Files\NetBeans-11.3\netbeans\enterprise\modules\ext\struts\commons-digester-1.8.jar;C:\Program Files\NetBeans-11.3\netbeans\enterprise\modules\ext\struts\commons-fileupload-1.1.1.jar;C:\Program Files\NetBeans-11.3\netbeans\enterprise\modules\ext\struts\commons-io-1.1.jar;C:\Program Files\NetBeans-11.3\netbeans\enterprise\modules\ext\struts\commons-logging-1.0.4.jar;C:\Program Files\NetBeans-11.3\netbeans\enterprise\modules\ext\struts\commons-validator-1.3.1.jar;C:\Program Files\NetBeans-11.3\netbeans\enterprise\modules\ext\struts\jstl-1.0.2.jar;C:\Program Files\NetBeans-11.3\netbeans\enterprise\modules\ext\struts\oro-2.0.8.jar;C:\Program Files\NetBeans-11.3\netbeans\enterprise\modules\ext\struts\standard-1.0.6.jar;C:\Program Files\NetBeans-11.3\netbeans\enterprise\modules\ext\struts\struts-core-1.3.10.jar;C:\Program Files\NetBeans-11.3\netbeans\enterprise\modules\ext\struts\struts-el-1.3.10.jar;C:\Program Files\NetBeans-11.3\netbeans\enterprise\modules\ext\struts\struts-extras-1.3.10.jar;C:\Program Files\NetBeans-11.3\netbeans\enterprise\modules\ext\struts\struts-faces-1.3.10.jar;C:\Program Files\NetBeans-11.3\netbeans\enterprise\modules\ext\struts\struts-mailreader-dao-1.3.10.jar;C:\Program Files\NetBeans-11.3\netbeans\enterprise\modules\ext\struts\struts-scripting-1.3.10.jar;C:\Program Files\NetBeans-11.3\netbeans\enterprise\modules\ext\struts\struts-taglib-1.3.10.jar;C:\Program Files\NetBeans-11.3\netbeans\enterprise\modules\ext\struts\struts-tiles-1.3.10.jar" />
    <property name="libs.PostgreSQLDriver.maven-pom" value="" />
    <property name="libs.absolutelayout.src" value="" />
    <property name="j2ee.server.instance" value="[C:\glassfish5\glassfish;C:\glassfish5\glassfish\domains\domain1]deployer:gfv5ee8:localhost:4848" />
    <property name="testng.mode" value="testng" />
    <property name="annotation.processing.enabled.in.editor" value="true" />
    <property name="java.vm.compressedOopsMode" value="32-bit" />
    <property name="jdk.lang.Process.allowAmbiguousCommands" value="true" />
    <property name="j2ee.compile.on.save" value="true" />
    <property name="netbeans.productversion" value="Apache NetBeans IDE 11.3" />
    <property name="libs.JavaServlet.javadoc" value="" />
    <property name="libs.javaee-web-api-6.0.javadoc" value="C:\Program Files\NetBeans-11.3\netbeans\enterprise\docs\javaee-doc-api.jar" />
    <property name="libs.JavaServlet.classpath" value="C:\Program Files\Java\libs\servlet.jar" />
    <property name="libs.groovy-all.classpath" value="C:\Program Files\NetBeans-11.3\netbeans\groovy\modules\ext\groovy.jar;C:\Program Files\NetBeans-11.3\netbeans\groovy\modules\ext\groovy-ant.jar" />
    <property name="libs.javaee-api-7.0.maven-pom" value="" />
    <property name="libs.correojota.src" value="" />
    <property name="file.reference.mysql-connector-java-8.0.21.jar" value="C:\Program Files (x86)\MySQL\Connector J 8.0\mysql-connector-java-8.0.27.jar" />
    <property name="libs.absolutelayout.javadoc" value="" />
    <property name="libs.Java-EE-GlassFish-v3-Prelude.javadoc" value="C:\Program Files\NetBeans-11.3\netbeans\enterprise\docs\javaee-doc-api.jar" />
    <property name="libs.Java-EE-GlassFish-v3-Prelude.maven-pom" value="" />
    <property name="libs.jaxb.maven-pom" value="" />
    <property name="libs.javaee-api-6.0.maven-pom" value="" />
    <property name="dist.dir" value="dist" />
    <property name="build.dir" value="build" />
    <property name="netbeans.autoupdate.variant" value="" />
    <property name="javadoc.version" value="false" />
    <property name="libs.metro.src" value="" />
    <property name="libs.metro.classpath" value="C:\Program Files\NetBeans-11.3\netbeans\ide\modules\ext\jaxb\activation.jar;C:\Program Files\NetBeans-11.3\netbeans\enterprise\modules\ext\metro\webservices-api.jar;C:\Program Files\NetBeans-11.3\netbeans\enterprise\modules\ext\metro\webservices-extra-api.jar;C:\Program Files\NetBeans-11.3\netbeans\enterprise\modules\ext\metro\webservices-extra.jar;C:\Program Files\NetBeans-11.3\netbeans\enterprise\modules\ext\metro\webservices-rt.jar;C:\Program Files\NetBeans-11.3\netbeans\enterprise\modules\ext\metro\webservices-tools.jar" />
    <property name="libs.CopyLibs.classpath" value="C:\Program Files\NetBeans-11.3\netbeans\java\ant\extra\org-netbeans-modules-java-j2seproject-copylibstask.jar" />
    <property name="sun.os.patch.level" value="" />
    <property name="deploy.ant.properties.file" value="C:\Users\Jeffield\AppData\Roaming\NetBeans\11.3\config\GlassFishEE6\Properties\gfv31335385918.properties" />
    <property name="javac.test.processorpath" value="C:\Program Files (x86)\MySQL\Connector J 8.0\mysql-connector-java-8.0.27.jar:C:\Program Files\NetBeans-11.3\netbeans\platform\modules\ext\junit-4.12.jar:build/web/WEB-INF/classes:C:\Program Files\NetBeans-11.3\netbeans\platform\modules\ext\hamcrest-core-1.3.jar" />
    <property name="libs.javaee-web-api-7.0.maven-pom" value="" />
    <property name="libs.javaee-web-api-8.0.maven-pom" value="" />
    <property name="netbeans.dirs" value="C:\Program Files\NetBeans-11.3\netbeans\nb;C:\Program Files\NetBeans-11.3\netbeans\ergonomics;C:\Program Files\NetBeans-11.3\netbeans\ide;C:\Program Files\NetBeans-11.3\netbeans\extide;C:\Program Files\NetBeans-11.3\netbeans\java;C:\Program Files\NetBeans-11.3\netbeans\apisupport;C:\Program Files\NetBeans-11.3\netbeans\webcommon;C:\Program Files\NetBeans-11.3\netbeans\websvccommon;C:\Program Files\NetBeans-11.3\netbeans\enterprise;C:\Program Files\NetBeans-11.3\netbeans\mobility;C:\Program Files\NetBeans-11.3\netbeans\profiler;C:\Program Files\NetBeans-11.3\netbeans\python;C:\Program Files\NetBeans-11.3\netbeans\php;C:\Program Files\NetBeans-11.3\netbeans\identity;C:\Program Files\NetBeans-11.3\netbeans\harness;C:\Program Files\NetBeans-11.3\netbeans\cnd;C:\Program Files\NetBeans-11.3\netbeans\cndext;C:\Program Files\NetBeans-11.3\netbeans\dlight;C:\Program Files\NetBeans-11.3\netbeans\groovy;C:\Program Files\NetBeans-11.3\netbeans\extra;C:\Program Files\NetBeans-11.3\netbeans\javacard;C:\Program Files\NetBeans-11.3\netbeans\javafx" />
    <property name="libs.JAVADB_DRIVER_LABEL.javadoc" value="" />
    <property name="libs.hamcrest.maven-pom" value="" />
    <property name="javac.processorpath" value="C:\Program Files (x86)\MySQL\Connector J 8.0\mysql-connector-java-8.0.27.jar:C:\Program Files\NetBeans-11.3\netbeans\platform\modules\ext\junit-4.12.jar" />
    <property name="libs.javaee-api-6.0.javadoc" value="C:\Program Files\NetBeans-11.3\netbeans\enterprise\docs\javaee-doc-api.jar" />
    <property name="libs.JWSAntTasks.maven-pom" value="" />
    <property name="apple.laf.useScreenMenuBar" value="true" />
    <property name="user.country" value="US" />
    <property name="jspc.schemas" value="/resources/schemas/" />
    <property name="sun.java.launcher" value="SUN_STANDARD" />
    <property name="libs.restapi.javadoc" value="" />
    <property name="libs.jpa20-persistence.src" value="" />
    <property name="display.browser" value="true" />
    <property name="endorsed.classpath" value="" />
    <property name="libs.spring-webmvc3.0.maven-pom" value="" />
    <property name="do.debug.server" value="true" />
    <property name="includes" value="funciones_20211128_212928/**/*Test.java" />
    <property name="do.display.browser" value="true" />
    <property name="libs.jsf12.javadoc" value="C:\Program Files\NetBeans-11.3\netbeans\enterprise\docs\javaee-doc-api.jar" />
    <property name="libs.hamcrest.classpath" value="C:\Program Files\NetBeans-11.3\netbeans\platform\modules\ext\hamcrest-core-1.3.jar" />
    <property name="javadoc.splitindex" value="true" />
    <property name="libs.JWSAntTasks.classpath" value="C:\Program Files\NetBeans-11.3\netbeans\java\ant\extra\org-netbeans-modules-javawebstart-anttasks.jar" />
    <property name="junit.available" value="true" />
    <property name="javadoc.encoding" value="UTF-8" />
    <property name="j2ee.platform" value="1.8-web" />
    <property name="libs.jsp-compilation-syscp.maven-pom" value="" />
    <property name="netbeans.hash.code" value="unique=NB_EXTIDE_JAVA_PHP_WEBCOMMON_WEBEE06b003a83-d1fe-4347-a2c3-1c18088d1e63_9b76a7cd-b603-4604-ac95-087b39c4eb94" />
    <property name="libs.jstl.src" value="" />
    <property name="libs.spring-webmvc3.0.classpath" value="C:\Program Files\NetBeans-11.3\netbeans\java\modules\ext\spring-3.0\spring-webmvc-3.2.7.RELEASE.jar" />
    <property name="java.runtime.name" value="Java(TM) SE Runtime Environment" />
    <property name="libs.jaxb.javadoc" value="C:\Program Files\NetBeans-11.3\netbeans\ide\docs\jaxb-api-doc.jar" />
    <property name="libs.spring-framework500.maven-pom" value="" />
    <property name="run.jvmargs.ide" value="" />
    <property name="ant.core.lib" value="C:\Program Files\NetBeans-11.3\netbeans\extide\ant\lib\ant.jar" />
    <property name="libs.jsp-compilation.maven-pom" value="" />
    <property name="ignore.failing.tests" value="true" />
    <property name="libs.PostgreSQLDriver.javadoc" value="" />
    <property name="libs.jsp-compilation-syscp.classpath" value="C:\Program Files\NetBeans-11.3\netbeans\extide\ant\lib\ant.jar;C:\Program Files\NetBeans-11.3\netbeans\enterprise\modules\ext\servlet3.1-jsp2.3-api.jar;C:\Program Files\NetBeans-11.3\netbeans\enterprise\modules\ext\glassfish-jspparser-4.0.jar;C:\Program Files\NetBeans-11.3\netbeans\enterprise\modules\ext\jstl-impl.jar;C:\Program Files\NetBeans-11.3\netbeans\enterprise\modules\ext\jsf-2_2\javax.faces.jar" />
    <property name="libs.jsp-compilation.classpath" value="C:\Program Files\NetBeans-11.3\netbeans\extide\ant\lib\ant.jar;C:\Program Files\NetBeans-11.3\netbeans\enterprise\modules\ext\servlet3.1-jsp2.3-api.jar;C:\Program Files\NetBeans-11.3\netbeans\enterprise\modules\ext\glassfish-jspparser-4.0.jar;C:\Program Files\NetBeans-11.3\netbeans\enterprise\modules\ext\jsf-2_2\javax.faces.jar;C:\Program Files\NetBeans-11.3\netbeans\enterprise\modules\ext\jstl-api.jar;C:\Program Files\NetBeans-11.3\netbeans\extide\ant\lib\ant-launcher.jar" />
    <property name="war.ear.name" value="SoftwareVentas.war" />
    <property name="platforms.JDK_1.8.compiler" value="modern" />
    <property name="libs.Java-EE-GlassFish-v3-Prelude.classpath" value="C:\glassfish5\glassfish\modules\endorsed\grizzly-npn-bootstrap.jar;C:\glassfish5\glassfish\modules\endorsed\javax.annotation-api.jar;C:\glassfish5\glassfish\modules\endorsed\jaxb-api.jar;C:\glassfish5\glassfish\modules\endorsed\webservices-api-osgi.jar;C:\glassfish5\glassfish\modules\bean-validator.jar;C:\glassfish5\glassfish\modules\cdi-api.jar;C:\glassfish5\glassfish\modules\javax.batch-api.jar;C:\glassfish5\glassfish\modules\javax.ejb-api.jar;C:\glassfish5\glassfish\modules\javax.el.jar;C:\glassfish5\glassfish\modules\javax.enterprise.concurrent-api.jar;C:\glassfish5\glassfish\modules\javax.enterprise.concurrent.jar;C:\glassfish5\glassfish\modules\javax.enterprise.deploy-api.jar;C:\glassfish5\glassfish\modules\javax.faces.jar;C:\glassfish5\glassfish\modules\javax.inject.jar;C:\glassfish5\glassfish\modules\javax.interceptor-api.jar;C:\glassfish5\glassfish\modules\javax.jms-api.jar;C:\glassfish5\glassfish\modules\javax.json.bind-api.jar;C:\glassfish5\glassfish\modules\javax.json.jar;C:\glassfish5\glassfish\modules\javax.mail.jar;C:\glassfish5\glassfish\modules\javax.management.j2ee-api.jar;C:\glassfish5\glassfish\modules\javax.persistence.jar;C:\glassfish5\glassfish\modules\javax.resource-api.jar;C:\glassfish5\glassfish\modules\javax.security.auth.message-api.jar;C:\glassfish5\glassfish\modules\javax.security.enterprise-api.jar;C:\glassfish5\glassfish\modules\javax.security.enterprise.jar;C:\glassfish5\glassfish\modules\javax.security.jacc-api.jar;C:\glassfish5\glassfish\modules\javax.servlet-api.jar;C:\glassfish5\glassfish\modules\javax.servlet.jsp-api.jar;C:\glassfish5\glassfish\modules\javax.servlet.jsp.jar;C:\glassfish5\glassfish\modules\javax.servlet.jsp.jstl-api.jar;C:\glassfish5\glassfish\modules\javax.servlet.jsp.jstl.jar;C:\glassfish5\glassfish\modules\javax.transaction-api.jar;C:\glassfish5\glassfish\modules\javax.websocket-api.jar;C:\glassfish5\glassfish\modules\javax.ws.rs-api.jar;C:\glassfish5\glassfish\modules\javax.xml.registry-api.jar;C:\glassfish5\glassfish\modules\javax.xml.rpc-api.jar;C:\glassfish5\glassfish\modules\jaxb-osgi.jar;C:\glassfish5\glassfish\modules\webservices-osgi.jar;C:\glassfish5\glassfish\modules\weld-osgi-bundle.jar;C:\glassfish5\mq\lib\jaxm-api.jar" />
    <property name="webinf.dir" value="web/WEB-INF" />
    <property name="libs.javaee-api-6.0.classpath" value="C:\Program Files\NetBeans-11.3\netbeans\enterprise\modules\ext\javaee-api-6.0.jar" />
    <property name="libs.javaee-api-7.0.classpath" value="C:\Program Files\NetBeans-11.3\netbeans\enterprise\modules\ext\javaee-api-7.0.jar" />
    <property name="sun.cpu.isalist" value="amd64" />
    <property name="libs.restapi.maven-pom" value="" />
    <property name="javadoc.preview" value="true" />
    <property name="sun.arch.data.model" value="64" />
    <property name="nb.show.statistics.ui" value="usageStatisticsEnabled" />
    <property name="libs.javaee-endorsed-api-7.0.src" value="" />
    <property name="libs.MySQL.maven-pom" value="" />
    <property name="annotation.processing.enabled" value="true" />
    <property name="libs.junit_5.src" value="C:\Program Files\NetBeans-11.3\netbeans\platform\docs\junit-jupiter-api-5.5.2-sources.jar;C:\Program Files\NetBeans-11.3\netbeans\platform\docs\junit-jupiter-params-5.5.2-sources.jar;C:\Program Files\NetBeans-11.3\netbeans\platform\docs\junit-jupiter-engine-5.5.2-sources.jar" />
    <property name="libs.jaxb.classpath" value="C:\Program Files\NetBeans-11.3\netbeans\ide\modules\ext\jaxb\jaxb-impl.jar;C:\Program Files\NetBeans-11.3\netbeans\ide\modules\ext\jaxb\jaxb-xjc.jar;C:\Program Files\NetBeans-11.3\netbeans\ide\modules\ext\jaxb\jaxb1-impl.jar;C:\Program Files\NetBeans-11.3\netbeans\ide\modules\ext\jaxb\activation.jar;C:\Program Files\NetBeans-11.3\netbeans\ide\modules\ext\jaxb\api\jaxb-api.jar" />
    <property name="libs.javaee-api-8.0.classpath" value="C:\Program Files\NetBeans-11.3\netbeans\enterprise\modules\ext\javaee-api-8.0.jar" />
    <property name="libs.CopyLibs.src" value="" />
    <property name="javac.source" value="1.8" />
    <property name="java.specification.vendor" value="Oracle Corporation" />
    <property name="java.version.date" value="2021-10-19" />
    <property name="java.home" value="C:\Program Files\Java\jdk-17.0.1" />
    <property name="jna.boot.library.name" value="jnidispatch-nb" />
    <property name="libs.PostgreSQLDriver.classpath" value="C:\Program Files\NetBeans-11.3\netbeans\ide\modules\ext\postgresql-42.2.8.jar" />
    <property name="libs.spring-webmvc3.0.javadoc" value="" />
    <property name="libs.JAXB-ENDORSED.src" value="" />
    <property name="do.display.browser.debug" value="true" />
    <property name="user.script" value="" />
    <property name="libs.spring-framework400.src" value="" />
    <property name="compile.jsps" value="false" />
    <property name="sun.management.compiler" value="HotSpot 64-Bit Tiered Compilers" />
    <property name="libs.maven-dependencies.src" value="" />
    <property name="libs.javaee-web-api-6.0.classpath" value="C:\Program Files\NetBeans-11.3\netbeans\enterprise\modules\ext\javaee-web-api-6.0.jar" />
    <property name="libs.jsp-compiler.javadoc" value="" />
    <property name="libs.javaee-web-api-7.0.classpath" value="C:\Program Files\NetBeans-11.3\netbeans\enterprise\modules\ext\javaee-web-api-7.0.jar" />
    <property name="file.encoding" value="Cp1252" />
    <property name="java.util.logging.config.class" value="org.netbeans.core.startup.TopLogging" />
    <property name="j2ee.deploy.on.save" value="true" />
    <property name="libs.Comet-GlassFish-v3.maven-pom" value="" />
    <property name="https.nonProxyHosts" value="localhost|127.0.0.1|pc_hunter" />
    <property name="libs.restlib.javadoc" value="" />
    <property name="j2ee.platform.wscompile.classpath" value="C:/glassfish5/glassfish/modules/webservices-osgi.jar" />
    <property name="build.web.dir" value="build/web" />
    <property name="libs.MySQL.javadoc" value="" />
    <property name="libs.absolutelayout.classpath" value="C:\Program Files\NetBeans-11.3\netbeans\java\modules\ext\AbsoluteLayout.jar" />
    <property name="libs.struts.maven-pom" value="" />
    <property name="browser.context" value="C:\Users\Jeffield\Desktop\VyV\SoftwareVentas\test\funciones_20211128_212928" />
    <property name="nb.native.filechooser" value="false" />
    <property name="libs.testng.src" value="" />
    <property name="ant.file.type.SoftwareVentas" value="file" />
    <property name="platform.active" value="default_platform" />
    <property name="libs.javaee-web-api-8.0.classpath" value="C:\Program Files\NetBeans-11.3\netbeans\enterprise\modules\ext\javaee-web-api-8.0.jar" />
    <property name="sun.io.unicode.encoding" value="UnicodeLittle" />
    <property name="libs.struts.javadoc" value="C:\Program Files\NetBeans-11.3\netbeans\enterprise\docs\struts-1.3.10-javadoc.zip" />
    <property name="default.javac.source" value="17" />
    <property name="netbeans.dynamic.classpath" value="C:\Program Files\NetBeans-11.3\netbeans\platform\core\asm-7.2.jar;C:\Program Files\NetBeans-11.3\netbeans\platform\core\asm-commons-7.2.jar;C:\Program Files\NetBeans-11.3\netbeans\platform\core\asm-tree-7.2.jar;C:\Program Files\NetBeans-11.3\netbeans\platform\core\core-base.jar;C:\Program Files\NetBeans-11.3\netbeans\platform\core\core.jar;C:\Program Files\NetBeans-11.3\netbeans\platform\core\org-netbeans-libs-asm.jar;C:\Program Files\NetBeans-11.3\netbeans\platform\core\org-openide-filesystems-compat8.jar;C:\Program Files\NetBeans-11.3\netbeans\platform\core\org-openide-filesystems.jar;C:\Program Files\NetBeans-11.3\netbeans\nb\core\org-netbeans-upgrader.jar;C:\Program Files\NetBeans-11.3\netbeans\nb\core\locale\core_nb.jar" />
    <property name="libs.javaee-web-api-8.0.javadoc" value="C:\Program Files\NetBeans-11.3\netbeans\enterprise\docs\javaee-doc-api.jar" />
    <property name="libs.eclipselinkmodelgen.classpath" value="C:\Program Files\NetBeans-11.3\netbeans\java\modules\ext\eclipselink\org.eclipse.persistence.jpa.modelgen.processor-2.5.2.jar" />
    <property name="platforms.JDK_1.8.home" value="C:\Program Files\Java\jdk1.8.0_311" />
    <property name="libs.correojota.javadoc" value="" />
    <property name="netbeans.buildnumber" value="11.3-6b879cb782eaa4f13a731aff82eada11289a66f7" />
    <property name="source.root" value="src" />
    <property name="endorsed.classpath.cmd.line.arg" value="" />
    <property name="libs.jpa20-persistence.maven-pom" value="" />
    <property name="os.name" value="Windows 10" />
    <property name="libs.CopyLibs.maven-pom" value="" />
    <property name="jdkBug6558476" value="false" />
    <property name="http.nonProxyHosts" value="localhost|127.0.0.1|pc_hunter" />
    <property name="javadoc.author" value="false" />
    <property name="libs.jsp-compilation-syscp.javadoc" value="" />
    <property name="libs.correojota.maven-pom" value="" />
    <property name="source.encoding" value="UTF-8" />
    <property name="jar.compress" value="false" />
    <property name="libs.javaee-api-7.0.javadoc" value="C:\Program Files\NetBeans-11.3\netbeans\enterprise\docs\javaee-doc-api.jar" />
    <property name="libs.spring-webmvc5.0.src" value="" />
    <property name="libs.jsf20.maven-pom" value="" />
    <property name="libs.restlib.classpath" value="C:\Program Files\NetBeans-11.3\netbeans\enterprise\modules\ext\jersey2\ext\asm-all-repackaged-2.2.0-b21.jar;C:\Program Files\NetBeans-11.3\netbeans\enterprise\modules\ext\jersey2\ext\cglib-2.2.0-b21.jar;C:\Program Files\NetBeans-11.3\netbeans\enterprise\modules\ext\jersey2\ext\guava-14.0.1.jar;C:\Program Files\NetBeans-11.3\netbeans\enterprise\modules\ext\jersey2\ext\hk2-api-2.2.0-b21.jar;C:\Program Files\NetBeans-11.3\netbeans\enterprise\modules\ext\jersey2\ext\hk2-locator-2.2.0-b21.jar;C:\Program Files\NetBeans-11.3\netbeans\enterprise\modules\ext\jersey2\ext\hk2-utils-2.2.0-b21.jar;C:\Program Files\NetBeans-11.3\netbeans\enterprise\modules\ext\jersey2\ext\javax.annotation-api-1.2.jar;C:\Program Files\NetBeans-11.3\netbeans\enterprise\modules\ext\jersey2\ext\javax.inject-2.2.0-b21.jar;C:\Program Files\NetBeans-11.3\netbeans\enterprise\modules\ext\jersey2\ext\javax.servlet-api-3.0.1.jar;C:\Program Files\NetBeans-11.3\netbeans\enterprise\modules\ext\jersey2\ext\jaxb-api-2.2.7.jar;C:\Program Files\NetBeans-11.3\netbeans\enterprise\modules\ext\jersey2\ext\jersey-entity-filtering-2.5.1.jar;C:\Program Files\NetBeans-11.3\netbeans\enterprise\modules\ext\jersey2\ext\jersey-media-moxy-2.5.1.jar;C:\Program Files\NetBeans-11.3\netbeans\enterprise\modules\ext\jersey2\ext\org.osgi.core-4.2.0.jar;C:\Program Files\NetBeans-11.3\netbeans\enterprise\modules\ext\jersey2\ext\osgi-resource-locator-1.0.1.jar;C:\Program Files\NetBeans-11.3\netbeans\enterprise\modules\ext\jersey2\ext\persistence-api-1.0.jar;C:\Program Files\NetBeans-11.3\netbeans\enterprise\modules\ext\jersey2\ext\validation-api-1.1.0.Final.jar;C:\Program Files\NetBeans-11.3\netbeans\enterprise\modules\ext\jersey2\jersey-client.jar;C:\Program Files\NetBeans-11.3\netbeans\enterprise\modules\ext\jersey2\jersey-common.jar;C:\Program Files\NetBeans-11.3\netbeans\enterprise\modules\ext\jersey2\jersey-container-servlet.jar;C:\Program Files\NetBeans-11.3\netbeans\enterprise\modules\ext\jersey2\jersey-container-servlet-core.jar;C:\Program Files\NetBeans-11.3\netbeans\enterprise\modules\ext\jersey2\jersey-server.jar;C:\Program Files\NetBeans-11.3\netbeans\java\modules\ext\eclipselink\org.eclipse.persistence.core-2.5.2.jar;C:\Program Files\NetBeans-11.3\netbeans\java\modules\ext\eclipselink\org.eclipse.persistence.asm-2.5.2.jar;C:\Program Files\NetBeans-11.3\netbeans\java\modules\ext\eclipselink\org.eclipse.persistence.antlr-2.5.2.jar;C:\Program Files\NetBeans-11.3\netbeans\java\modules\ext\eclipselink\org.eclipse.persistence.jpa-2.5.2.jar;C:\Program Files\NetBeans-11.3\netbeans\java\modules\ext\eclipselink\org.eclipse.persistence.jpa.jpql-2.5.2.jar" />
    <property name="apple.awt.graphics.UseQuartz" value="true" />
    <property name="libs.primefaces.src" value="" />
    <property name="ant.file" value="C:\Users\Jeffield\Desktop\VyV\SoftwareVentas\build.xml" />
    <property name="j2ee.server.type" value="gfv5ee8" />
    <property name="libs.struts.src" value="" />
    <property name="path.separator" value=";" />
    <property name="libs.JAXB-ENDORSED.classpath" value="C:\Program Files\NetBeans-11.3\netbeans\ide\modules\ext\jaxb\api\jaxb-api.jar" />
    <property name="libs.restlib.src" value="" />
    <property name="build.test.results.dir" value="build/test/results" />
    <property name="libs.jaxws21.javadoc" value="C:\Program Files\NetBeans-11.3\netbeans\java\docs\jaxws-api-doc.zip" />
    <property name="libs.javaee-endorsed-api-6.0.javadoc" value="" />
    <property name="libs.spring-framework400.maven-pom" value="" />
    <property name="ap.processors.internal" value="" />
    <property name="libs.spring-webmvc5.0.javadoc" value="" />
    <property name="libs.jsf12.classpath" value="C:\Program Files\NetBeans-11.3\netbeans\enterprise\modules\ext\jsf-1_2\jsf-api.jar;C:\Program Files\NetBeans-11.3\netbeans\enterprise\modules\ext\jsf-1_2\jsf-impl.jar" />
    <property name="libs.Comet-GlassFish-v3.src" value="" />
    <property name="libs.spring-framework400.javadoc" value="" />
    <property name="libs.hamcrest.javadoc" value="" />
    <property name="libs.javac-api.src" value="" />
    <property name="java.vm.info" value="mixed mode, sharing" />
    <property name="libs.primefaces.classpath" value="C:\Program Files\NetBeans-11.3\netbeans\enterprise\modules\ext\primefaces\primefaces-5.0.jar" />
    <property name="libs.jaxws21.maven-pom" value="" />
    <property name="run.test.classpath" value="C:\Program Files (x86)\MySQL\Connector J 8.0\mysql-connector-java-8.0.27.jar:C:\Program Files\NetBeans-11.3\netbeans\platform\modules\ext\junit-4.12.jar:build/web/WEB-INF/classes:C:\Program Files\NetBeans-11.3\netbeans\platform\modules\ext\hamcrest-core-1.3.jar:build/test/classes" />
    <property name="build.meta.inf.dir" value="build/web/META-INF" />
    <property name="javadoc.encoding.used" value="UTF-8" />
    <property name="java.class.version" value="61.0" />
    <property name="src.dir" value="src/java" />
    <property name="ant.project.default-target" value="default" />
    <property name="debug.classpath" value="build/web/WEB-INF/classes:C:\Program Files (x86)\MySQL\Connector J 8.0\mysql-connector-java-8.0.27.jar:C:\Program Files\NetBeans-11.3\netbeans\platform\modules\ext\junit-4.12.jar" />
    <property name="excludes" value="" />
    <property name="libs.javaee-api-7.0.src" value="" />
    <property name="web.docbase.dir" value="web" />
    <property name="libs.junit_4.javadoc" value="C:\Program Files\NetBeans-11.3\netbeans\platform\docs\junit-4.12-javadoc.jar" />
    <property name="sun.jnu.encoding" value="Cp1252" />
    <property name="libs.spring-webmvc4.0.src" value="" />
    <property name="sun.java2d.dpiaware" value="true" />
    <property name="libs.jsf20.javadoc" value="C:\Program Files\NetBeans-11.3\netbeans\enterprise\docs\javaee-doc-api.jar" />
    <property name="libs.JAVADB_DRIVER_LABEL.classpath" value="C:\glassfish5\javadb\lib\derby.jar;C:\glassfish5\javadb\lib\derbyclient.jar;C:\glassfish5\javadb\lib\derbynet.jar" />
    <property name="netbeans.importclass" value="org.netbeans.upgrade.AutoUpgrade" />
    <property name="netbeans.autoupdate.version" value="1.23" />
    <property name="j2ee.platform.is.jsr109" value="true" />
    <property name="empty.dir" value="C:\Users\Jeffield\Desktop\VyV\SoftwareVentas\build\empty" />
    <property name="libs.MySQL.classpath" value="C:\Program Files (x86)\MySQL\Connector J 8.0\mysql-connector-java-8.0.27.jar" />
    <property name="netbeans.user" value="C:\Users\Jeffield\AppData\Roaming\NetBeans\11.3" />
    <property name="file.separator" value="\" />
    <property name="line.separator" value="&#xd;&#xa;" />
    <property name="javadoc.additionalparam" value="" />
    <property name="libs.MySQLDriver.javadoc" value="" />
    <property name="libs.spring-webmvc5.0.classpath" value="C:\Program Files\NetBeans-11.3\netbeans\java\modules\ext\spring-5\spring-webmvc-5.2.2.RELEASE.jar" />
    <property name="javac.debug" value="true" />
    <property name="libs.restlib.maven-pom" value="" />
    <property name="libs.testng.classpath" value="C:\Program Files\NetBeans-11.3\netbeans\platform\modules\ext\testng-6.8.1-dist.jar" />
    <property name="libs.jsp-compiler.src" value="" />
    <property name="libs.Java-EE-GlassFish-v3-Prelude.src" value="" />
    <property name="user.name" value="Jeffield" />
    <property name="libs.maven-dependencies.javadoc" value="C:\Program Files\NetBeans-11.3\netbeans\enterprise\docs\javaee-doc-api.jar" />
    <property name="j2ee.platform.wsimport.classpath" value="C:/glassfish5/glassfish/modules/webservices-osgi.jar:C:/glassfish5/glassfish/modules/endorsed/webservices-api-osgi.jar:C:/glassfish5/glassfish/modules/jaxb-osgi.jar:C:/glassfish5/glassfish/modules/endorsed/jaxb-api.jar" />
    <property name="build.classes.dir" value="build/web/WEB-INF/classes" />
    <property name="nb.junit.single" value="false" />
    <property name="javadoc.windowtitle" value="" />
    <property name="nb.internal.action.name" value="test.single" />
    <property name="runmain.jvmargs" value="" />
    <property name="libs.javaee-api-8.0.maven-pom" value="" />
    <property name="libs.jaxws21.src" value="" />
    <property name="libs.maven-dependencies.classpath" value="C:\Program Files\NetBeans-11.3\netbeans\enterprise\modules\ext\javaee6-endorsed\javax.annotation.jar;C:\Program Files\NetBeans-11.3\netbeans\enterprise\modules\ext\javaee6-endorsed\jaxb-api-osgi.jar;C:\Program Files\NetBeans-11.3\netbeans\enterprise\modules\ext\javaee6-endorsed\webservices-api-osgi.jar" />
    <property name="libs.MySQLDriver.classpath" value="" />
    <property name="jna.loaded" value="true" />
    <property name="libs.junit_5.maven-pom" value="" />
    <property name="libs.jpa20-persistence.javadoc" value="C:\Program Files\NetBeans-11.3\netbeans\java\modules\ext\docs\javax.persistence-2.1.0-doc.zip" />
    <property name="ant.junit.enabletestlistenerevents" value="true" />
    <property name="libs.JWSAntTasks.src" value="" />
    <property name="ant.home" value="C:\Program Files\NetBeans-11.3\netbeans\extide\ant" />
    <property name="libs.spring-webmvc3.0.src" value="" />
    <property name="debug.test.classpath" value="C:\Program Files (x86)\MySQL\Connector J 8.0\mysql-connector-java-8.0.27.jar:C:\Program Files\NetBeans-11.3\netbeans\platform\modules\ext\junit-4.12.jar:build/web/WEB-INF/classes:C:\Program Files\NetBeans-11.3\netbeans\platform\modules\ext\hamcrest-core-1.3.jar:build/test/classes" />
    <property name="have.tests" value="true" />
    <property name="testng.debug.mode" value="" />
    <property name="javac.target" value="1.8" />
    <property name="ant.version" value="Apache Ant(TM) version 1.10.4 compiled on June 19 2018" />
    <property name="libs.EclipseLink-GlassFish-v3.javadoc" value="C:\Program Files\NetBeans-11.3\netbeans\enterprise\docs\javaee-doc-api.jar" />
    <property name="libs.absolutelayout.maven-pom" value="" />
    <property name="jdk.gtk.version" value="2.2" />
    <property name="libs.spring-framework500.src" value="" />
    <property name="user.properties.file" value="C:\Users\Jeffield\AppData\Roaming\NetBeans\11.3\build.properties" />
    <property name="libs.javaee-api-6.0.src" value="" />
    <property name="libs.EclipseLink-GlassFish-v3.maven-pom" value="" />
    <property name="netbeans.autoupdate.country" value="US" />
    <property name="nb.wait.for.caches" value="true" />
    <property name="persistence.xml.dir" value="src/conf" />
    <property name="java.class.path" value="C:\Program Files (x86)\MySQL\Connector J 8.0\mysql-connector-java-8.0.27.jar;C:\Program Files\NetBeans-11.3\netbeans\platform\modules\ext\junit-4.12.jar;C:\Users\Jeffield\Desktop\VyV\SoftwareVentas\build\web\WEB-INF\classes;C:\Program Files\NetBeans-11.3\netbeans\platform\modules\ext\hamcrest-core-1.3.jar;C:\Users\Jeffield\Desktop\VyV\SoftwareVentas\build\test\classes;C:\glassfish5\glassfish\modules\endorsed\grizzly-npn-bootstrap.jar;C:\glassfish5\glassfish\modules\endorsed\javax.annotation-api.jar;C:\glassfish5\glassfish\modules\endorsed\jaxb-api.jar;C:\glassfish5\glassfish\modules\endorsed\webservices-api-osgi.jar;C:\glassfish5\glassfish\modules\bean-validator.jar;C:\glassfish5\glassfish\modules\cdi-api.jar;C:\glassfish5\glassfish\modules\javax.batch-api.jar;C:\glassfish5\glassfish\modules\javax.ejb-api.jar;C:\glassfish5\glassfish\modules\javax.el.jar;C:\glassfish5\glassfish\modules\javax.enterprise.concurrent-api.jar;C:\glassfish5\glassfish\modules\javax.enterprise.concurrent.jar;C:\glassfish5\glassfish\modules\javax.enterprise.deploy-api.jar;C:\glassfish5\glassfish\modules\javax.faces.jar;C:\glassfish5\glassfish\modules\javax.inject.jar;C:\glassfish5\glassfish\modules\javax.interceptor-api.jar;C:\glassfish5\glassfish\modules\javax.jms-api.jar;C:\glassfish5\glassfish\modules\javax.json.bind-api.jar;C:\glassfish5\glassfish\modules\javax.json.jar;C:\glassfish5\glassfish\modules\javax.mail.jar;C:\glassfish5\glassfish\modules\javax.management.j2ee-api.jar;C:\glassfish5\glassfish\modules\javax.persistence.jar;C:\glassfish5\glassfish\modules\javax.resource-api.jar;C:\glassfish5\glassfish\modules\javax.security.auth.message-api.jar;C:\glassfish5\glassfish\modules\javax.security.enterprise-api.jar;C:\glassfish5\glassfish\modules\javax.security.enterprise.jar;C:\glassfish5\glassfish\modules\javax.security.jacc-api.jar;C:\glassfish5\glassfish\modules\javax.servlet-api.jar;C:\glassfish5\glassfish\modules\javax.servlet.jsp-api.jar;C:\glassfish5\glassfish\modules\javax.servlet.jsp.jar;C:\glassfish5\glassfish\modules\javax.servlet.jsp.jstl-api.jar;C:\glassfish5\glassfish\modules\javax.servlet.jsp.jstl.jar;C:\glassfish5\glassfish\modules\javax.transaction-api.jar;C:\glassfish5\glassfish\modules\javax.websocket-api.jar;C:\glassfish5\glassfish\modules\javax.ws.rs-api.jar;C:\glassfish5\glassfish\modules\javax.xml.registry-api.jar;C:\glassfish5\glassfish\modules\javax.xml.rpc-api.jar;C:\glassfish5\glassfish\modules\jaxb-osgi.jar;C:\glassfish5\glassfish\modules\webservices-osgi.jar;C:\glassfish5\glassfish\modules\weld-osgi-bundle.jar;C:\glassfish5\mq\lib\jaxm-api.jar;C:\glassfish5\glassfish\lib\embedded\glassfish-embedded-static-shell.jar;C:\Program Files\NetBeans-11.3\netbeans\extide\ant\lib\ant-launcher.jar;C:\Program Files\NetBeans-11.3\netbeans\extide\ant\lib\ant.jar;C:\Program Files\NetBeans-11.3\netbeans\extide\ant\lib\ant-junit.jar;C:\Program Files\NetBeans-11.3\netbeans\extide\ant\lib\ant-junit4.jar" />
    <property name="libs.javaee-web-api-6.0.maven-pom" value="" />
    <property name="java.vm.vendor" value="Oracle Corporation" />
    <property name="ap.supported.internal" value="true" />
    <property name="user.variant" value="" />
    <property name="netbeans.home+have.tests" value="true" />
    <property name="conf.dir" value="src/conf" />
    <property name="test.binaryexcludes" value="" />
    <property name="javac.compilerargs" value="" />
    <property name="libs.jstl.maven-pom" value="" />
    <property name="has.custom.manifest" value="true" />
    <property name="sun.cpu.endian" value="little" />
    <property name="libs.junit_4.src" value="C:\Program Files\NetBeans-11.3\netbeans\platform\docs\junit-4.12-sources.jar" />
    <property name="user.language" value="en" />
    <property name="resource.dir" value="setup" />
    <property name="libs.javaee-web-api-6.0.src" value="" />
    <property name="ant.file.SoftwareVentas" value="C:\Users\Jeffield\Desktop\VyV\SoftwareVentas\build.xml" />
    <property name="javadoc.nonavbar" value="false" />
    <property name="libs.javaee-api-8.0.src" value="" />
    <property name="ant.java.version" value="17" />
    <property name="libs.junit_4.classpath" value="C:\Program Files\NetBeans-11.3\netbeans\platform\modules\ext\junit-4.12.jar" />
    <property name="libs.EclipseLink-GlassFish-v3.classpath" value="C:\glassfish5\glassfish\modules\org.eclipse.persistence.antlr.jar;C:\glassfish5\glassfish\modules\org.eclipse.persistence.asm.jar;C:\glassfish5\glassfish\modules\org.eclipse.persistence.core.jar;C:\glassfish5\glassfish\modules\org.eclipse.persistence.dbws.jar;C:\glassfish5\glassfish\modules\org.eclipse.persistence.jpa.jar;C:\glassfish5\glassfish\modules\org.eclipse.persistence.jpa.jpql.jar;C:\glassfish5\glassfish\modules\org.eclipse.persistence.jpa.modelgen.processor.jar;C:\glassfish5\glassfish\modules\org.eclipse.persistence.moxy.jar;C:\glassfish5\glassfish\modules\org.eclipse.persistence.oracle.jar;C:\glassfish5\glassfish\modules\javax.persistence.jar" />
    <property name="dist.war" value="dist/SoftwareVentas.war" />
    <property name="war.content.additional" value="" />
    <property name="test.binarytestincludes" value="" />
    <property name="sun.awt.keepWorkingSetOnMinimize" value="true" />
    <property name="libs.spring-webmvc5.0.maven-pom" value="" />
    <property name="libs.junit_4.maven-pom" value="" />
    <property name="libs.JavaServlet.src" value="" />
    <property name="libs.jsp-compiler.maven-pom" value="" />
    <property name="javac.classpath" value="C:\Program Files (x86)\MySQL\Connector J 8.0\mysql-connector-java-8.0.27.jar:C:\Program Files\NetBeans-11.3\netbeans\platform\modules\ext\junit-4.12.jar" />
    <property name="nb.junit.batch" value="true" />
    <property name="libs.JAVADB_DRIVER_LABEL.maven-pom" value="" />
    <property name="build.test.classes.dir" value="build/test/classes" />
    <property name="libs.spring-framework300.maven-pom" value="" />
    <property name="ant.project.invoked-targets" value="test" />
    <property name="libs.jstl.classpath" value="C:\Program Files\NetBeans-11.3\netbeans\enterprise\modules\ext\jstl-impl.jar;C:\Program Files\NetBeans-11.3\netbeans\enterprise\modules\ext\jstl-api.jar" />
    <property name="ap.cmd.line.internal" value="" />
    <property name="libs.MySQLDriver.src" value="" />
    <property name="client.urlPart" value="" />
    <property name="libs.PostgreSQLDriver.src" value="" />
    <property name="platforms.JDK_1.8.bootclasspath" value="C:\Program Files\Java\jdk1.8.0_311\jre\lib\resources.jar;C:\Program Files\Java\jdk1.8.0_311\jre\lib\rt.jar;C:\Program Files\Java\jdk1.8.0_311\jre\lib\sunrsasign.jar;C:\Program Files\Java\jdk1.8.0_311\jre\lib\jsse.jar;C:\Program Files\Java\jdk1.8.0_311\jre\lib\jce.jar;C:\Program Files\Java\jdk1.8.0_311\jre\lib\charsets.jar;C:\Program Files\Java\jdk1.8.0_311\jre\lib\jfr.jar;C:\Program Files\Java\jdk1.8.0_311\jre\classes;C:\Program Files\Java\jdk1.8.0_311\jre\lib\ext\access-bridge-64.jar;C:\Program Files\Java\jdk1.8.0_311\jre\lib\ext\cldrdata.jar;C:\Program Files\Java\jdk1.8.0_311\jre\lib\ext\dnsns.jar;C:\Program Files\Java\jdk1.8.0_311\jre\lib\ext\jaccess.jar;C:\Program Files\Java\jdk1.8.0_311\jre\lib\ext\jfxrt.jar;C:\Program Files\Java\jdk1.8.0_311\jre\lib\ext\localedata.jar;C:\Program Files\Java\jdk1.8.0_311\jre\lib\ext\nashorn.jar;C:\Program Files\Java\jdk1.8.0_311\jre\lib\ext\sunec.jar;C:\Program Files\Java\jdk1.8.0_311\jre\lib\ext\sunjce_provider.jar;C:\Program Files\Java\jdk1.8.0_311\jre\lib\ext\sunmscapi.jar;C:\Program Files\Java\jdk1.8.0_311\jre\lib\ext\sunpkcs11.jar;C:\Program Files\Java\jdk1.8.0_311\jre\lib\ext\zipfs.jar" />
    <property name="java.vendor.url.bug" value="https://bugreport.java.com/bugreport/" />
    <property name="annotation.processing.source.output" value="build/generated-sources/ap-source-output" />
    <property name="libs.javaee-endorsed-api-6.0.maven-pom" value="" />
    <property name="user.dir" value="C:\Users\Jeffield\Desktop\VyV\SoftwareVentas" />
    <property name="no.dist.ear.dir" value="true" />
    <property name="org.xml.sax.driver" value="com.sun.org.apache.xerces.internal.jaxp.SAXParserImpl$JAXPSAXParser" />
    <property name="libs.eclipselink.src" value="" />
    <property name="java.vm.version" value="17.0.1+12-LTS-39" />
    <property name="libs.metro.javadoc" value="C:\Program Files\NetBeans-11.3\netbeans\enterprise\docs\webservices-api-javadoc.jar;C:\Program Files\NetBeans-11.3\netbeans\enterprise\docs\webservices-extra-javadoc.jar;C:\Program Files\NetBeans-11.3\netbeans\enterprise\docs\webservices-extra-api-javadoc.jar;C:\Program Files\NetBeans-11.3\netbeans\enterprise\docs\webservices-rt-javadoc.jar;C:\Program Files\NetBeans-11.3\netbeans\enterprise\docs\webservices-tools-javadoc.jar" />
    <property name="sun.awt.datatransfer.timeout" value="1000" />
    <property name="annotation.processing.run.all.processors" value="true" />
    <property name="libs.jsp-compiler.classpath" value="C:\Program Files\NetBeans-11.3\netbeans\enterprise\ant\extra\jspcompile.jar" />
    <property name="libs.javaee-web-api-7.0.src" value="" />
    <property name="war.name" value="SoftwareVentas.war" />
    <property name="libs.javaee-endorsed-api-6.0.classpath" value="C:\Program Files\Java\libs\javaee-endorsed-api-6.0.jar" />
  </properties>
  <testcase classname="funciones_20211128_212928.ProductoDAOTest" name="testAgregar" time="0.376" />
  <testcase classname="funciones_20211128_212928.ProductoDAOTest" name="testConsultaPorCodigo" time="0.022" />
  <testcase classname="funciones_20211128_212928.ProductoDAOTest" name="testListar" time="0.01" />
  <system-out><![CDATA[Agregar
ConsultaPorCodigo
Listar
]]></system-out>
  <system-err><![CDATA[]]></system-err>
</testsuite>
